<?xml version="1.0" encoding="UTF-8"?>
<!-- Generated by org.testng.reporters.JUnitXMLReporter -->
<testsuite ignored="0" hostname="DESKTOP-8OKOA53" failures="0" tests="4" name="Default test" time="45.099" errors="0" timestamp="2023-09-15T13:28:37 IST">
  <testcase classname="Test.PetTest" name="cratePet" time="32.215"/>
  <testcase classname="Test.PetTest" name="GetPet" time="1.863"/>
  <testcase classname="Test.PetTest" name="UpdatePet" time="8.006"/>
  <testcase classname="Test.PetTest" name="DeletePet" time="1.619"/>
</testsuite> <!-- Default test -->
